{"C:\\Users\\SpiderWebbs\\Desktop\\Peakeaze\\frontend-task-starter\\src\\Root.tsx": {"path":"C:\\Users\\SpiderWebbs\\Desktop\\Peakeaze\\frontend-task-starter\\src\\Root.tsx","all":false,"statementMap":{"0":{"start":{"line":1,"column":0},"end":{"line":1,"column":56}},"1":{"start":{"line":2,"column":0},"end":{"line":2,"column":33}},"2":{"start":{"line":3,"column":0},"end":{"line":3,"column":0}},"3":{"start":{"line":4,"column":0},"end":{"line":4,"column":24}},"4":{"start":{"line":5,"column":0},"end":{"line":5,"column":40}},"5":{"start":{"line":6,"column":0},"end":{"line":6,"column":0}},"6":{"start":{"line":7,"column":0},"end":{"line":7,"column":10}},"7":{"start":{"line":8,"column":0},"end":{"line":8,"column":23}},"8":{"start":{"line":9,"column":0},"end":{"line":9,"column":73}},"9":{"start":{"line":10,"column":0},"end":{"line":10,"column":73}},"10":{"start":{"line":11,"column":0},"end":{"line":11,"column":98}},"11":{"start":{"line":12,"column":0},"end":{"line":12,"column":11}},"12":{"start":{"line":13,"column":0},"end":{"line":13,"column":17}},"13":{"start":{"line":14,"column":0},"end":{"line":14,"column":65}},"14":{"start":{"line":15,"column":0},"end":{"line":15,"column":17}},"15":{"start":{"line":16,"column":0},"end":{"line":16,"column":21}},"16":{"start":{"line":17,"column":0},"end":{"line":17,"column":98}},"17":{"start":{"line":18,"column":0},"end":{"line":18,"column":11}},"18":{"start":{"line":19,"column":0},"end":{"line":19,"column":17}},"19":{"start":{"line":20,"column":0},"end":{"line":20,"column":12}},"20":{"start":{"line":21,"column":0},"end":{"line":21,"column":10}},"21":{"start":{"line":22,"column":0},"end":{"line":22,"column":4}},"22":{"start":{"line":23,"column":0},"end":{"line":23,"column":1}}},"s":{"0":1,"1":1,"2":1,"3":1,"4":5,"5":5,"6":5,"7":5,"8":5,"9":5,"10":5,"11":5,"12":5,"13":5,"14":5,"15":5,"16":5,"17":5,"18":5,"19":5,"20":5,"21":5,"22":5},"branchMap":{"0":{"type":"branch","line":4,"loc":{"start":{"line":4,"column":7},"end":{"line":23,"column":1}},"locations":[{"start":{"line":4,"column":7},"end":{"line":23,"column":1}}]},"1":{"type":"branch","line":11,"loc":{"start":{"line":11,"column":45},"end":{"line":11,"column":75}},"locations":[{"start":{"line":11,"column":45},"end":{"line":11,"column":75}}]},"2":{"type":"branch","line":11,"loc":{"start":{"line":11,"column":60},"end":{"line":11,"column":72}},"locations":[{"start":{"line":11,"column":60},"end":{"line":11,"column":72}}]},"3":{"type":"branch","line":17,"loc":{"start":{"line":17,"column":45},"end":{"line":17,"column":75}},"locations":[{"start":{"line":17,"column":45},"end":{"line":17,"column":75}}]},"4":{"type":"branch","line":17,"loc":{"start":{"line":17,"column":60},"end":{"line":17,"column":72}},"locations":[{"start":{"line":17,"column":60},"end":{"line":17,"column":72}}]}},"b":{"0":[5],"1":[1],"2":[1],"3":[1],"4":[1]},"fnMap":{"0":{"name":"Root","decl":{"start":{"line":4,"column":7},"end":{"line":23,"column":1}},"loc":{"start":{"line":4,"column":7},"end":{"line":23,"column":1}},"line":4},"1":{"name":"onClick","decl":{"start":{"line":11,"column":45},"end":{"line":11,"column":75}},"loc":{"start":{"line":11,"column":45},"end":{"line":11,"column":75}},"line":11},"2":{"name":"onClick","decl":{"start":{"line":17,"column":45},"end":{"line":17,"column":75}},"loc":{"start":{"line":17,"column":45},"end":{"line":17,"column":75}},"line":17}},"f":{"0":5,"1":1,"2":1}}
,"C:\\Users\\SpiderWebbs\\Desktop\\Peakeaze\\frontend-task-starter\\src\\main.tsx": {"path":"C:\\Users\\SpiderWebbs\\Desktop\\Peakeaze\\frontend-task-starter\\src\\main.tsx","all":false,"statementMap":{"0":{"start":{"line":1,"column":0},"end":{"line":1,"column":59}},"1":{"start":{"line":2,"column":0},"end":{"line":2,"column":26}},"2":{"start":{"line":3,"column":0},"end":{"line":3,"column":40}},"3":{"start":{"line":4,"column":0},"end":{"line":4,"column":28}},"4":{"start":{"line":5,"column":0},"end":{"line":5,"column":30}},"5":{"start":{"line":6,"column":0},"end":{"line":6,"column":32}},"6":{"start":{"line":7,"column":0},"end":{"line":7,"column":0}},"7":{"start":{"line":8,"column":0},"end":{"line":8,"column":75}},"8":{"start":{"line":9,"column":0},"end":{"line":9,"column":20}},"9":{"start":{"line":10,"column":0},"end":{"line":10,"column":33}},"10":{"start":{"line":11,"column":0},"end":{"line":11,"column":21}},"11":{"start":{"line":12,"column":0},"end":{"line":12,"column":14}},"12":{"start":{"line":13,"column":0},"end":{"line":13,"column":20}},"13":{"start":{"line":14,"column":0},"end":{"line":14,"column":21}},"14":{"start":{"line":15,"column":0},"end":{"line":15,"column":2}}},"s":{"0":1,"1":1,"2":1,"3":1,"4":1,"5":1,"6":1,"7":1,"8":1,"9":1,"10":1,"11":1,"12":1,"13":1,"14":1},"branchMap":{},"b":{},"fnMap":{},"f":{}}
,"C:\\Users\\SpiderWebbs\\Desktop\\Peakeaze\\frontend-task-starter\\src\\theme.ts": {"path":"C:\\Users\\SpiderWebbs\\Desktop\\Peakeaze\\frontend-task-starter\\src\\theme.ts","all":false,"statementMap":{"0":{"start":{"line":1,"column":0},"end":{"line":1,"column":51}},"1":{"start":{"line":2,"column":0},"end":{"line":2,"column":0}},"2":{"start":{"line":3,"column":0},"end":{"line":3,"column":34}},"3":{"start":{"line":4,"column":0},"end":{"line":4,"column":12}},"4":{"start":{"line":5,"column":0},"end":{"line":5,"column":33}},"5":{"start":{"line":6,"column":0},"end":{"line":6,"column":34}},"6":{"start":{"line":7,"column":0},"end":{"line":7,"column":3}},"7":{"start":{"line":8,"column":0},"end":{"line":8,"column":3}}},"s":{"0":1,"1":1,"2":1,"3":1,"4":1,"5":1,"6":1,"7":1},"branchMap":{},"b":{},"fnMap":{},"f":{}}
,"C:\\Users\\SpiderWebbs\\Desktop\\Peakeaze\\frontend-task-starter\\src\\libraries\\server\\index.ts": {"path":"C:\\Users\\SpiderWebbs\\Desktop\\Peakeaze\\frontend-task-starter\\src\\libraries\\server\\index.ts","all":false,"statementMap":{"0":{"start":{"line":1,"column":0},"end":{"line":1,"column":30}},"1":{"start":{"line":2,"column":0},"end":{"line":2,"column":26}},"2":{"start":{"line":3,"column":0},"end":{"line":3,"column":47}},"3":{"start":{"line":4,"column":0},"end":{"line":4,"column":35}},"4":{"start":{"line":5,"column":0},"end":{"line":5,"column":66}},"5":{"start":{"line":6,"column":0},"end":{"line":6,"column":59}},"6":{"start":{"line":7,"column":0},"end":{"line":7,"column":47}},"7":{"start":{"line":8,"column":0},"end":{"line":8,"column":0}},"8":{"start":{"line":9,"column":0},"end":{"line":9,"column":53}},"9":{"start":{"line":10,"column":0},"end":{"line":10,"column":11}},"10":{"start":{"line":11,"column":0},"end":{"line":11,"column":10}},"11":{"start":{"line":12,"column":0},"end":{"line":12,"column":9}},"12":{"start":{"line":13,"column":0},"end":{"line":13,"column":2}},"13":{"start":{"line":14,"column":0},"end":{"line":14,"column":0}},"14":{"start":{"line":15,"column":0},"end":{"line":15,"column":21}},"15":{"start":{"line":16,"column":0},"end":{"line":16,"column":24}},"16":{"start":{"line":17,"column":0},"end":{"line":17,"column":23}},"17":{"start":{"line":18,"column":0},"end":{"line":18,"column":17}},"18":{"start":{"line":19,"column":0},"end":{"line":19,"column":24}},"19":{"start":{"line":20,"column":0},"end":{"line":20,"column":20}},"20":{"start":{"line":21,"column":0},"end":{"line":21,"column":2}},"21":{"start":{"line":22,"column":0},"end":{"line":22,"column":0}},"22":{"start":{"line":23,"column":0},"end":{"line":23,"column":71}},"23":{"start":{"line":24,"column":0},"end":{"line":24,"column":55}},"24":{"start":{"line":25,"column":0},"end":{"line":25,"column":68}},"25":{"start":{"line":26,"column":0},"end":{"line":26,"column":85}},"26":{"start":{"line":27,"column":0},"end":{"line":27,"column":0}},"27":{"start":{"line":28,"column":0},"end":{"line":28,"column":66}},"28":{"start":{"line":29,"column":0},"end":{"line":29,"column":0}},"29":{"start":{"line":30,"column":0},"end":{"line":30,"column":90}},"30":{"start":{"line":31,"column":0},"end":{"line":31,"column":54}},"31":{"start":{"line":32,"column":0},"end":{"line":32,"column":7}},"32":{"start":{"line":33,"column":0},"end":{"line":33,"column":38}},"33":{"start":{"line":34,"column":0},"end":{"line":34,"column":40}},"34":{"start":{"line":35,"column":0},"end":{"line":35,"column":37}},"35":{"start":{"line":36,"column":0},"end":{"line":36,"column":11}},"36":{"start":{"line":37,"column":0},"end":{"line":37,"column":16}},"37":{"start":{"line":38,"column":0},"end":{"line":38,"column":3}},"38":{"start":{"line":39,"column":0},"end":{"line":39,"column":2}},"39":{"start":{"line":40,"column":0},"end":{"line":40,"column":0}},"40":{"start":{"line":41,"column":0},"end":{"line":41,"column":93}},"41":{"start":{"line":42,"column":0},"end":{"line":42,"column":89}},"42":{"start":{"line":43,"column":0},"end":{"line":43,"column":0}},"43":{"start":{"line":44,"column":0},"end":{"line":44,"column":38}},"44":{"start":{"line":45,"column":0},"end":{"line":45,"column":50}},"45":{"start":{"line":46,"column":0},"end":{"line":46,"column":0}},"46":{"start":{"line":47,"column":0},"end":{"line":47,"column":104}},"47":{"start":{"line":48,"column":0},"end":{"line":48,"column":88}},"48":{"start":{"line":49,"column":0},"end":{"line":49,"column":70}},"49":{"start":{"line":50,"column":0},"end":{"line":50,"column":40}},"50":{"start":{"line":51,"column":0},"end":{"line":51,"column":1}},"51":{"start":{"line":52,"column":0},"end":{"line":52,"column":0}},"52":{"start":{"line":53,"column":0},"end":{"line":53,"column":76}},"53":{"start":{"line":54,"column":0},"end":{"line":54,"column":10}},"54":{"start":{"line":55,"column":0},"end":{"line":55,"column":39}},"55":{"start":{"line":56,"column":0},"end":{"line":56,"column":118}},"56":{"start":{"line":57,"column":0},"end":{"line":57,"column":4}},"57":{"start":{"line":58,"column":0},"end":{"line":58,"column":1}},"58":{"start":{"line":59,"column":0},"end":{"line":59,"column":0}},"59":{"start":{"line":60,"column":0},"end":{"line":60,"column":23}},"60":{"start":{"line":61,"column":0},"end":{"line":61,"column":63}},"61":{"start":{"line":62,"column":0},"end":{"line":62,"column":14}},"62":{"start":{"line":63,"column":0},"end":{"line":63,"column":18}},"63":{"start":{"line":64,"column":0},"end":{"line":64,"column":11}},"64":{"start":{"line":65,"column":0},"end":{"line":65,"column":26}},"65":{"start":{"line":66,"column":0},"end":{"line":66,"column":35}},"66":{"start":{"line":67,"column":0},"end":{"line":67,"column":55}},"67":{"start":{"line":68,"column":0},"end":{"line":68,"column":1}},"68":{"start":{"line":69,"column":0},"end":{"line":69,"column":0}},"69":{"start":{"line":70,"column":0},"end":{"line":70,"column":93}},"70":{"start":{"line":71,"column":0},"end":{"line":71,"column":10}},"71":{"start":{"line":72,"column":0},"end":{"line":72,"column":16}},"72":{"start":{"line":73,"column":0},"end":{"line":73,"column":22}},"73":{"start":{"line":74,"column":0},"end":{"line":74,"column":20}},"74":{"start":{"line":75,"column":0},"end":{"line":75,"column":45}},"75":{"start":{"line":76,"column":0},"end":{"line":76,"column":29}},"76":{"start":{"line":77,"column":0},"end":{"line":77,"column":4}},"77":{"start":{"line":78,"column":0},"end":{"line":78,"column":1}},"78":{"start":{"line":79,"column":0},"end":{"line":79,"column":0}},"79":{"start":{"line":80,"column":0},"end":{"line":80,"column":60}},"80":{"start":{"line":81,"column":0},"end":{"line":81,"column":44}},"81":{"start":{"line":82,"column":0},"end":{"line":82,"column":1}},"82":{"start":{"line":83,"column":0},"end":{"line":83,"column":0}},"83":{"start":{"line":84,"column":0},"end":{"line":84,"column":19}},"84":{"start":{"line":85,"column":0},"end":{"line":85,"column":174}},"85":{"start":{"line":86,"column":0},"end":{"line":86,"column":64}},"86":{"start":{"line":87,"column":0},"end":{"line":87,"column":69}},"87":{"start":{"line":88,"column":0},"end":{"line":88,"column":2}},"88":{"start":{"line":89,"column":0},"end":{"line":89,"column":0}},"89":{"start":{"line":90,"column":0},"end":{"line":90,"column":21}},"90":{"start":{"line":91,"column":0},"end":{"line":91,"column":21}},"91":{"start":{"line":92,"column":0},"end":{"line":92,"column":12}},"92":{"start":{"line":93,"column":0},"end":{"line":93,"column":24}},"93":{"start":{"line":94,"column":0},"end":{"line":94,"column":43}},"94":{"start":{"line":95,"column":0},"end":{"line":95,"column":35}},"95":{"start":{"line":96,"column":0},"end":{"line":96,"column":70}},"96":{"start":{"line":97,"column":0},"end":{"line":97,"column":3}},"97":{"start":{"line":98,"column":0},"end":{"line":98,"column":23}},"98":{"start":{"line":99,"column":0},"end":{"line":99,"column":0}},"99":{"start":{"line":100,"column":0},"end":{"line":100,"column":54}},"100":{"start":{"line":101,"column":0},"end":{"line":101,"column":0}},"101":{"start":{"line":102,"column":0},"end":{"line":102,"column":59}},"102":{"start":{"line":103,"column":0},"end":{"line":103,"column":29}},"103":{"start":{"line":104,"column":0},"end":{"line":104,"column":12}},"104":{"start":{"line":105,"column":0},"end":{"line":105,"column":1}},"105":{"start":{"line":106,"column":0},"end":{"line":106,"column":0}},"106":{"start":{"line":107,"column":0},"end":{"line":107,"column":36}},"107":{"start":{"line":108,"column":0},"end":{"line":108,"column":11}},"108":{"start":{"line":109,"column":0},"end":{"line":109,"column":24}},"109":{"start":{"line":110,"column":0},"end":{"line":110,"column":16}},"110":{"start":{"line":111,"column":0},"end":{"line":111,"column":25}},"111":{"start":{"line":112,"column":0},"end":{"line":112,"column":33}},"112":{"start":{"line":113,"column":0},"end":{"line":113,"column":18}},"113":{"start":{"line":114,"column":0},"end":{"line":114,"column":7}},"114":{"start":{"line":115,"column":0},"end":{"line":115,"column":27}},"115":{"start":{"line":116,"column":0},"end":{"line":116,"column":24}},"116":{"start":{"line":117,"column":0},"end":{"line":117,"column":23}},"117":{"start":{"line":118,"column":0},"end":{"line":118,"column":16}},"118":{"start":{"line":119,"column":0},"end":{"line":119,"column":39}},"119":{"start":{"line":120,"column":0},"end":{"line":120,"column":18}},"120":{"start":{"line":121,"column":0},"end":{"line":121,"column":6}},"121":{"start":{"line":122,"column":0},"end":{"line":122,"column":4}},"122":{"start":{"line":123,"column":0},"end":{"line":123,"column":0}},"123":{"start":{"line":124,"column":0},"end":{"line":124,"column":12}},"124":{"start":{"line":125,"column":0},"end":{"line":125,"column":27}},"125":{"start":{"line":126,"column":0},"end":{"line":126,"column":0}},"126":{"start":{"line":127,"column":0},"end":{"line":127,"column":83}},"127":{"start":{"line":128,"column":0},"end":{"line":128,"column":62}},"128":{"start":{"line":129,"column":0},"end":{"line":129,"column":27}},"129":{"start":{"line":130,"column":0},"end":{"line":130,"column":22}},"130":{"start":{"line":131,"column":0},"end":{"line":131,"column":32}},"131":{"start":{"line":132,"column":0},"end":{"line":132,"column":91}},"132":{"start":{"line":133,"column":0},"end":{"line":133,"column":22}},"133":{"start":{"line":134,"column":0},"end":{"line":134,"column":57}},"134":{"start":{"line":135,"column":0},"end":{"line":135,"column":11}},"135":{"start":{"line":136,"column":0},"end":{"line":136,"column":7}},"136":{"start":{"line":137,"column":0},"end":{"line":137,"column":32}},"137":{"start":{"line":138,"column":0},"end":{"line":138,"column":28}},"138":{"start":{"line":139,"column":0},"end":{"line":139,"column":83}},"139":{"start":{"line":140,"column":0},"end":{"line":140,"column":74}},"140":{"start":{"line":141,"column":0},"end":{"line":141,"column":10}},"141":{"start":{"line":142,"column":0},"end":{"line":142,"column":7}},"142":{"start":{"line":143,"column":0},"end":{"line":143,"column":54}},"143":{"start":{"line":144,"column":0},"end":{"line":144,"column":36}},"144":{"start":{"line":145,"column":0},"end":{"line":145,"column":80}},"145":{"start":{"line":146,"column":0},"end":{"line":146,"column":22}},"146":{"start":{"line":147,"column":0},"end":{"line":147,"column":57}},"147":{"start":{"line":148,"column":0},"end":{"line":148,"column":11}},"148":{"start":{"line":149,"column":0},"end":{"line":149,"column":7}},"149":{"start":{"line":150,"column":0},"end":{"line":150,"column":76}},"150":{"start":{"line":151,"column":0},"end":{"line":151,"column":124}},"151":{"start":{"line":152,"column":0},"end":{"line":152,"column":21}},"152":{"start":{"line":153,"column":0},"end":{"line":153,"column":80}},"153":{"start":{"line":154,"column":0},"end":{"line":154,"column":22}},"154":{"start":{"line":155,"column":0},"end":{"line":155,"column":57}},"155":{"start":{"line":156,"column":0},"end":{"line":156,"column":11}},"156":{"start":{"line":157,"column":0},"end":{"line":157,"column":7}},"157":{"start":{"line":158,"column":0},"end":{"line":158,"column":58}},"158":{"start":{"line":159,"column":0},"end":{"line":159,"column":36}},"159":{"start":{"line":160,"column":0},"end":{"line":160,"column":167}},"160":{"start":{"line":161,"column":0},"end":{"line":161,"column":14}},"161":{"start":{"line":162,"column":0},"end":{"line":162,"column":23}},"162":{"start":{"line":163,"column":0},"end":{"line":163,"column":31}},"163":{"start":{"line":164,"column":0},"end":{"line":164,"column":22}},"164":{"start":{"line":165,"column":0},"end":{"line":165,"column":9}},"165":{"start":{"line":166,"column":0},"end":{"line":166,"column":44}},"166":{"start":{"line":167,"column":0},"end":{"line":167,"column":61}},"167":{"start":{"line":168,"column":0},"end":{"line":168,"column":36}},"168":{"start":{"line":169,"column":0},"end":{"line":169,"column":36}},"169":{"start":{"line":170,"column":0},"end":{"line":170,"column":9}},"170":{"start":{"line":171,"column":0},"end":{"line":171,"column":26}},"171":{"start":{"line":172,"column":0},"end":{"line":172,"column":24}},"172":{"start":{"line":173,"column":0},"end":{"line":173,"column":29}},"173":{"start":{"line":174,"column":0},"end":{"line":174,"column":32}},"174":{"start":{"line":175,"column":0},"end":{"line":175,"column":11}},"175":{"start":{"line":176,"column":0},"end":{"line":176,"column":67}},"176":{"start":{"line":177,"column":0},"end":{"line":177,"column":8}},"177":{"start":{"line":178,"column":0},"end":{"line":178,"column":8}},"178":{"start":{"line":179,"column":0},"end":{"line":179,"column":0}},"179":{"start":{"line":180,"column":0},"end":{"line":180,"column":81}},"180":{"start":{"line":181,"column":0},"end":{"line":181,"column":79}},"181":{"start":{"line":182,"column":0},"end":{"line":182,"column":32}},"182":{"start":{"line":183,"column":0},"end":{"line":183,"column":91}},"183":{"start":{"line":184,"column":0},"end":{"line":184,"column":22}},"184":{"start":{"line":185,"column":0},"end":{"line":185,"column":57}},"185":{"start":{"line":186,"column":0},"end":{"line":186,"column":11}},"186":{"start":{"line":187,"column":0},"end":{"line":187,"column":7}},"187":{"start":{"line":188,"column":0},"end":{"line":188,"column":124}},"188":{"start":{"line":189,"column":0},"end":{"line":189,"column":19}},"189":{"start":{"line":190,"column":0},"end":{"line":190,"column":22}},"190":{"start":{"line":191,"column":0},"end":{"line":191,"column":31}},"191":{"start":{"line":192,"column":0},"end":{"line":192,"column":23}},"192":{"start":{"line":193,"column":0},"end":{"line":193,"column":26}},"193":{"start":{"line":194,"column":0},"end":{"line":194,"column":15}},"194":{"start":{"line":195,"column":0},"end":{"line":195,"column":72}},"195":{"start":{"line":196,"column":0},"end":{"line":196,"column":28}},"196":{"start":{"line":197,"column":0},"end":{"line":197,"column":65}},"197":{"start":{"line":198,"column":0},"end":{"line":198,"column":74}},"198":{"start":{"line":199,"column":0},"end":{"line":199,"column":10}},"199":{"start":{"line":200,"column":0},"end":{"line":200,"column":7}},"200":{"start":{"line":201,"column":0},"end":{"line":201,"column":44}},"201":{"start":{"line":202,"column":0},"end":{"line":202,"column":61}},"202":{"start":{"line":203,"column":0},"end":{"line":203,"column":36}},"203":{"start":{"line":204,"column":0},"end":{"line":204,"column":36}},"204":{"start":{"line":205,"column":0},"end":{"line":205,"column":9}},"205":{"start":{"line":206,"column":0},"end":{"line":206,"column":26}},"206":{"start":{"line":207,"column":0},"end":{"line":207,"column":24}},"207":{"start":{"line":208,"column":0},"end":{"line":208,"column":29}},"208":{"start":{"line":209,"column":0},"end":{"line":209,"column":32}},"209":{"start":{"line":210,"column":0},"end":{"line":210,"column":11}},"210":{"start":{"line":211,"column":0},"end":{"line":211,"column":67}},"211":{"start":{"line":212,"column":0},"end":{"line":212,"column":8}},"212":{"start":{"line":213,"column":0},"end":{"line":213,"column":8}},"213":{"start":{"line":214,"column":0},"end":{"line":214,"column":0}},"214":{"start":{"line":215,"column":0},"end":{"line":215,"column":85}},"215":{"start":{"line":216,"column":0},"end":{"line":216,"column":62}},"216":{"start":{"line":217,"column":0},"end":{"line":217,"column":26}},"217":{"start":{"line":218,"column":0},"end":{"line":218,"column":82}},"218":{"start":{"line":219,"column":0},"end":{"line":219,"column":22}},"219":{"start":{"line":220,"column":0},"end":{"line":220,"column":57}},"220":{"start":{"line":221,"column":0},"end":{"line":221,"column":11}},"221":{"start":{"line":222,"column":0},"end":{"line":222,"column":7}},"222":{"start":{"line":223,"column":0},"end":{"line":223,"column":11}},"223":{"start":{"line":224,"column":0},"end":{"line":224,"column":84}},"224":{"start":{"line":225,"column":0},"end":{"line":225,"column":135}},"225":{"start":{"line":226,"column":0},"end":{"line":226,"column":21}},"226":{"start":{"line":227,"column":0},"end":{"line":227,"column":24}},"227":{"start":{"line":228,"column":0},"end":{"line":228,"column":25}},"228":{"start":{"line":229,"column":0},"end":{"line":229,"column":28}},"229":{"start":{"line":230,"column":0},"end":{"line":230,"column":17}},"230":{"start":{"line":231,"column":0},"end":{"line":231,"column":20}},"231":{"start":{"line":232,"column":0},"end":{"line":232,"column":76}},"232":{"start":{"line":233,"column":0},"end":{"line":233,"column":24}},"233":{"start":{"line":234,"column":0},"end":{"line":234,"column":59}},"234":{"start":{"line":235,"column":0},"end":{"line":235,"column":13}},"235":{"start":{"line":236,"column":0},"end":{"line":236,"column":9}},"236":{"start":{"line":237,"column":0},"end":{"line":237,"column":46}},"237":{"start":{"line":238,"column":0},"end":{"line":238,"column":69}},"238":{"start":{"line":239,"column":0},"end":{"line":239,"column":38}},"239":{"start":{"line":240,"column":0},"end":{"line":240,"column":38}},"240":{"start":{"line":241,"column":0},"end":{"line":241,"column":11}},"241":{"start":{"line":242,"column":0},"end":{"line":242,"column":28}},"242":{"start":{"line":243,"column":0},"end":{"line":243,"column":26}},"243":{"start":{"line":244,"column":0},"end":{"line":244,"column":34}},"244":{"start":{"line":245,"column":0},"end":{"line":245,"column":34}},"245":{"start":{"line":246,"column":0},"end":{"line":246,"column":13}},"246":{"start":{"line":247,"column":0},"end":{"line":247,"column":72}},"247":{"start":{"line":248,"column":0},"end":{"line":248,"column":10}},"248":{"start":{"line":249,"column":0},"end":{"line":249,"column":15}},"249":{"start":{"line":250,"column":0},"end":{"line":250,"column":92}},"250":{"start":{"line":251,"column":0},"end":{"line":251,"column":22}},"251":{"start":{"line":252,"column":0},"end":{"line":252,"column":57}},"252":{"start":{"line":253,"column":0},"end":{"line":253,"column":11}},"253":{"start":{"line":254,"column":0},"end":{"line":254,"column":7}},"254":{"start":{"line":255,"column":0},"end":{"line":255,"column":8}},"255":{"start":{"line":256,"column":0},"end":{"line":256,"column":0}},"256":{"start":{"line":257,"column":0},"end":{"line":257,"column":73}},"257":{"start":{"line":258,"column":0},"end":{"line":258,"column":64}},"258":{"start":{"line":259,"column":0},"end":{"line":259,"column":21}},"259":{"start":{"line":260,"column":0},"end":{"line":260,"column":72}},"260":{"start":{"line":261,"column":0},"end":{"line":261,"column":22}},"261":{"start":{"line":262,"column":0},"end":{"line":262,"column":57}},"262":{"start":{"line":263,"column":0},"end":{"line":263,"column":11}},"263":{"start":{"line":264,"column":0},"end":{"line":264,"column":7}},"264":{"start":{"line":265,"column":0},"end":{"line":265,"column":133}},"265":{"start":{"line":266,"column":0},"end":{"line":266,"column":19}},"266":{"start":{"line":267,"column":0},"end":{"line":267,"column":22}},"267":{"start":{"line":268,"column":0},"end":{"line":268,"column":23}},"268":{"start":{"line":269,"column":0},"end":{"line":269,"column":26}},"269":{"start":{"line":270,"column":0},"end":{"line":270,"column":15}},"270":{"start":{"line":271,"column":0},"end":{"line":271,"column":18}},"271":{"start":{"line":272,"column":0},"end":{"line":272,"column":74}},"272":{"start":{"line":273,"column":0},"end":{"line":273,"column":22}},"273":{"start":{"line":274,"column":0},"end":{"line":274,"column":57}},"274":{"start":{"line":275,"column":0},"end":{"line":275,"column":11}},"275":{"start":{"line":276,"column":0},"end":{"line":276,"column":7}},"276":{"start":{"line":277,"column":0},"end":{"line":277,"column":26}},"277":{"start":{"line":278,"column":0},"end":{"line":278,"column":41}},"278":{"start":{"line":279,"column":0},"end":{"line":279,"column":72}},"279":{"start":{"line":280,"column":0},"end":{"line":280,"column":8}},"280":{"start":{"line":281,"column":0},"end":{"line":281,"column":8}},"281":{"start":{"line":282,"column":0},"end":{"line":282,"column":0}},"282":{"start":{"line":283,"column":0},"end":{"line":283,"column":75}},"283":{"start":{"line":284,"column":0},"end":{"line":284,"column":64}},"284":{"start":{"line":285,"column":0},"end":{"line":285,"column":21}},"285":{"start":{"line":286,"column":0},"end":{"line":286,"column":72}},"286":{"start":{"line":287,"column":0},"end":{"line":287,"column":22}},"287":{"start":{"line":288,"column":0},"end":{"line":288,"column":57}},"288":{"start":{"line":289,"column":0},"end":{"line":289,"column":11}},"289":{"start":{"line":290,"column":0},"end":{"line":290,"column":7}},"290":{"start":{"line":291,"column":0},"end":{"line":291,"column":28}},"291":{"start":{"line":292,"column":0},"end":{"line":292,"column":10}},"292":{"start":{"line":293,"column":0},"end":{"line":293,"column":69}},"293":{"start":{"line":294,"column":0},"end":{"line":294,"column":8}},"294":{"start":{"line":295,"column":0},"end":{"line":295,"column":29}},"295":{"start":{"line":296,"column":0},"end":{"line":296,"column":11}},"296":{"start":{"line":297,"column":0},"end":{"line":297,"column":84}},"297":{"start":{"line":298,"column":0},"end":{"line":298,"column":8}},"298":{"start":{"line":299,"column":0},"end":{"line":299,"column":91}},"299":{"start":{"line":300,"column":0},"end":{"line":300,"column":76}},"300":{"start":{"line":301,"column":0},"end":{"line":301,"column":0}},"301":{"start":{"line":302,"column":0},"end":{"line":302,"column":57}},"302":{"start":{"line":303,"column":0},"end":{"line":303,"column":56}},"303":{"start":{"line":304,"column":0},"end":{"line":304,"column":19}},"304":{"start":{"line":305,"column":0},"end":{"line":305,"column":30}},"305":{"start":{"line":306,"column":0},"end":{"line":306,"column":29}},"306":{"start":{"line":307,"column":0},"end":{"line":307,"column":23}},"307":{"start":{"line":308,"column":0},"end":{"line":308,"column":30}},"308":{"start":{"line":309,"column":0},"end":{"line":309,"column":26}},"309":{"start":{"line":310,"column":0},"end":{"line":310,"column":9}},"310":{"start":{"line":311,"column":0},"end":{"line":311,"column":0}},"311":{"start":{"line":312,"column":0},"end":{"line":312,"column":19}},"312":{"start":{"line":313,"column":0},"end":{"line":313,"column":93}},"313":{"start":{"line":314,"column":0},"end":{"line":314,"column":7}},"314":{"start":{"line":315,"column":0},"end":{"line":315,"column":25}},"315":{"start":{"line":316,"column":0},"end":{"line":316,"column":73}},"316":{"start":{"line":317,"column":0},"end":{"line":317,"column":7}},"317":{"start":{"line":318,"column":0},"end":{"line":318,"column":0}},"318":{"start":{"line":319,"column":0},"end":{"line":319,"column":47}},"319":{"start":{"line":320,"column":0},"end":{"line":320,"column":75}},"320":{"start":{"line":321,"column":0},"end":{"line":321,"column":48}},"321":{"start":{"line":322,"column":0},"end":{"line":322,"column":41}},"322":{"start":{"line":323,"column":0},"end":{"line":323,"column":9}},"323":{"start":{"line":324,"column":0},"end":{"line":324,"column":0}},"324":{"start":{"line":325,"column":0},"end":{"line":325,"column":41}},"325":{"start":{"line":326,"column":0},"end":{"line":326,"column":39}},"326":{"start":{"line":327,"column":0},"end":{"line":327,"column":72}},"327":{"start":{"line":328,"column":0},"end":{"line":328,"column":19}},"328":{"start":{"line":329,"column":0},"end":{"line":329,"column":41}},"329":{"start":{"line":330,"column":0},"end":{"line":330,"column":39}},"330":{"start":{"line":331,"column":0},"end":{"line":331,"column":27}},"331":{"start":{"line":332,"column":0},"end":{"line":332,"column":27}},"332":{"start":{"line":333,"column":0},"end":{"line":333,"column":32}},"333":{"start":{"line":334,"column":0},"end":{"line":334,"column":10}},"334":{"start":{"line":335,"column":0},"end":{"line":335,"column":0}},"335":{"start":{"line":336,"column":0},"end":{"line":336,"column":26}},"336":{"start":{"line":337,"column":0},"end":{"line":337,"column":59}},"337":{"start":{"line":338,"column":0},"end":{"line":338,"column":72}},"338":{"start":{"line":339,"column":0},"end":{"line":339,"column":8}},"339":{"start":{"line":340,"column":0},"end":{"line":340,"column":8}},"340":{"start":{"line":341,"column":0},"end":{"line":341,"column":0}},"341":{"start":{"line":342,"column":0},"end":{"line":342,"column":83}},"342":{"start":{"line":343,"column":0},"end":{"line":343,"column":64}},"343":{"start":{"line":344,"column":0},"end":{"line":344,"column":21}},"344":{"start":{"line":345,"column":0},"end":{"line":345,"column":72}},"345":{"start":{"line":346,"column":0},"end":{"line":346,"column":22}},"346":{"start":{"line":347,"column":0},"end":{"line":347,"column":57}},"347":{"start":{"line":348,"column":0},"end":{"line":348,"column":11}},"348":{"start":{"line":349,"column":0},"end":{"line":349,"column":7}},"349":{"start":{"line":350,"column":0},"end":{"line":350,"column":74}},"350":{"start":{"line":351,"column":0},"end":{"line":351,"column":21}},"351":{"start":{"line":352,"column":0},"end":{"line":352,"column":77}},"352":{"start":{"line":353,"column":0},"end":{"line":353,"column":22}},"353":{"start":{"line":354,"column":0},"end":{"line":354,"column":57}},"354":{"start":{"line":355,"column":0},"end":{"line":355,"column":11}},"355":{"start":{"line":356,"column":0},"end":{"line":356,"column":7}},"356":{"start":{"line":357,"column":0},"end":{"line":357,"column":65}},"357":{"start":{"line":358,"column":0},"end":{"line":358,"column":26}},"358":{"start":{"line":359,"column":0},"end":{"line":359,"column":24}},"359":{"start":{"line":360,"column":0},"end":{"line":360,"column":21}},"360":{"start":{"line":361,"column":0},"end":{"line":361,"column":43}},"361":{"start":{"line":362,"column":0},"end":{"line":362,"column":41}},"362":{"start":{"line":363,"column":0},"end":{"line":363,"column":29}},"363":{"start":{"line":364,"column":0},"end":{"line":364,"column":29}},"364":{"start":{"line":365,"column":0},"end":{"line":365,"column":34}},"365":{"start":{"line":366,"column":0},"end":{"line":366,"column":11}},"366":{"start":{"line":367,"column":0},"end":{"line":367,"column":72}},"367":{"start":{"line":368,"column":0},"end":{"line":368,"column":8}},"368":{"start":{"line":369,"column":0},"end":{"line":369,"column":8}},"369":{"start":{"line":370,"column":0},"end":{"line":370,"column":0}},"370":{"start":{"line":371,"column":0},"end":{"line":371,"column":77}},"371":{"start":{"line":372,"column":0},"end":{"line":372,"column":64}},"372":{"start":{"line":373,"column":0},"end":{"line":373,"column":21}},"373":{"start":{"line":374,"column":0},"end":{"line":374,"column":72}},"374":{"start":{"line":375,"column":0},"end":{"line":375,"column":22}},"375":{"start":{"line":376,"column":0},"end":{"line":376,"column":57}},"376":{"start":{"line":377,"column":0},"end":{"line":377,"column":11}},"377":{"start":{"line":378,"column":0},"end":{"line":378,"column":7}},"378":{"start":{"line":379,"column":0},"end":{"line":379,"column":90}},"379":{"start":{"line":380,"column":0},"end":{"line":380,"column":75}},"380":{"start":{"line":381,"column":0},"end":{"line":381,"column":95}},"381":{"start":{"line":382,"column":0},"end":{"line":382,"column":22}},"382":{"start":{"line":383,"column":0},"end":{"line":383,"column":57}},"383":{"start":{"line":384,"column":0},"end":{"line":384,"column":11}},"384":{"start":{"line":385,"column":0},"end":{"line":385,"column":7}},"385":{"start":{"line":386,"column":0},"end":{"line":386,"column":50}},"386":{"start":{"line":387,"column":0},"end":{"line":387,"column":27}},"387":{"start":{"line":388,"column":0},"end":{"line":388,"column":29}},"388":{"start":{"line":389,"column":0},"end":{"line":389,"column":44}},"389":{"start":{"line":390,"column":0},"end":{"line":390,"column":28}},"390":{"start":{"line":391,"column":0},"end":{"line":391,"column":77}},"391":{"start":{"line":392,"column":0},"end":{"line":392,"column":74}},"392":{"start":{"line":393,"column":0},"end":{"line":393,"column":10}},"393":{"start":{"line":394,"column":0},"end":{"line":394,"column":7}},"394":{"start":{"line":395,"column":0},"end":{"line":395,"column":49}},"395":{"start":{"line":396,"column":0},"end":{"line":396,"column":72}},"396":{"start":{"line":397,"column":0},"end":{"line":397,"column":36}},"397":{"start":{"line":398,"column":0},"end":{"line":398,"column":123}},"398":{"start":{"line":399,"column":0},"end":{"line":399,"column":44}},"399":{"start":{"line":400,"column":0},"end":{"line":400,"column":22}},"400":{"start":{"line":401,"column":0},"end":{"line":401,"column":50}},"401":{"start":{"line":402,"column":0},"end":{"line":402,"column":31}},"402":{"start":{"line":403,"column":0},"end":{"line":403,"column":24}},"403":{"start":{"line":404,"column":0},"end":{"line":404,"column":22}},"404":{"start":{"line":405,"column":0},"end":{"line":405,"column":42}},"405":{"start":{"line":406,"column":0},"end":{"line":406,"column":26}},"406":{"start":{"line":407,"column":0},"end":{"line":407,"column":24}},"407":{"start":{"line":408,"column":0},"end":{"line":408,"column":25}},"408":{"start":{"line":409,"column":0},"end":{"line":409,"column":47}},"409":{"start":{"line":410,"column":0},"end":{"line":410,"column":45}},"410":{"start":{"line":411,"column":0},"end":{"line":411,"column":33}},"411":{"start":{"line":412,"column":0},"end":{"line":412,"column":33}},"412":{"start":{"line":413,"column":0},"end":{"line":413,"column":38}},"413":{"start":{"line":414,"column":0},"end":{"line":414,"column":11}},"414":{"start":{"line":415,"column":0},"end":{"line":415,"column":72}},"415":{"start":{"line":416,"column":0},"end":{"line":416,"column":8}},"416":{"start":{"line":417,"column":0},"end":{"line":417,"column":8}},"417":{"start":{"line":418,"column":0},"end":{"line":418,"column":0}},"418":{"start":{"line":419,"column":0},"end":{"line":419,"column":87}},"419":{"start":{"line":420,"column":0},"end":{"line":420,"column":64}},"420":{"start":{"line":421,"column":0},"end":{"line":421,"column":21}},"421":{"start":{"line":422,"column":0},"end":{"line":422,"column":72}},"422":{"start":{"line":423,"column":0},"end":{"line":423,"column":22}},"423":{"start":{"line":424,"column":0},"end":{"line":424,"column":57}},"424":{"start":{"line":425,"column":0},"end":{"line":425,"column":11}},"425":{"start":{"line":426,"column":0},"end":{"line":426,"column":7}},"426":{"start":{"line":427,"column":0},"end":{"line":427,"column":90}},"427":{"start":{"line":428,"column":0},"end":{"line":428,"column":75}},"428":{"start":{"line":429,"column":0},"end":{"line":429,"column":95}},"429":{"start":{"line":430,"column":0},"end":{"line":430,"column":22}},"430":{"start":{"line":431,"column":0},"end":{"line":431,"column":57}},"431":{"start":{"line":432,"column":0},"end":{"line":432,"column":11}},"432":{"start":{"line":433,"column":0},"end":{"line":433,"column":7}},"433":{"start":{"line":434,"column":0},"end":{"line":434,"column":74}},"434":{"start":{"line":435,"column":0},"end":{"line":435,"column":21}},"435":{"start":{"line":436,"column":0},"end":{"line":436,"column":77}},"436":{"start":{"line":437,"column":0},"end":{"line":437,"column":22}},"437":{"start":{"line":438,"column":0},"end":{"line":438,"column":57}},"438":{"start":{"line":439,"column":0},"end":{"line":439,"column":11}},"439":{"start":{"line":440,"column":0},"end":{"line":440,"column":7}},"440":{"start":{"line":441,"column":0},"end":{"line":441,"column":72}},"441":{"start":{"line":442,"column":0},"end":{"line":442,"column":48}},"442":{"start":{"line":443,"column":0},"end":{"line":443,"column":93}},"443":{"start":{"line":444,"column":0},"end":{"line":444,"column":68}},"444":{"start":{"line":445,"column":0},"end":{"line":445,"column":32}},"445":{"start":{"line":446,"column":0},"end":{"line":446,"column":38}},"446":{"start":{"line":447,"column":0},"end":{"line":447,"column":67}},"447":{"start":{"line":448,"column":0},"end":{"line":448,"column":30}},"448":{"start":{"line":449,"column":0},"end":{"line":449,"column":70}},"449":{"start":{"line":450,"column":0},"end":{"line":450,"column":76}},"450":{"start":{"line":451,"column":0},"end":{"line":451,"column":12}},"451":{"start":{"line":452,"column":0},"end":{"line":452,"column":9}},"452":{"start":{"line":453,"column":0},"end":{"line":453,"column":63}},"453":{"start":{"line":454,"column":0},"end":{"line":454,"column":74}},"454":{"start":{"line":455,"column":0},"end":{"line":455,"column":26}},"455":{"start":{"line":456,"column":0},"end":{"line":456,"column":25}},"456":{"start":{"line":457,"column":0},"end":{"line":457,"column":18}},"457":{"start":{"line":458,"column":0},"end":{"line":458,"column":10}},"458":{"start":{"line":459,"column":0},"end":{"line":459,"column":79}},"459":{"start":{"line":460,"column":0},"end":{"line":460,"column":30}},"460":{"start":{"line":461,"column":0},"end":{"line":461,"column":95}},"461":{"start":{"line":462,"column":0},"end":{"line":462,"column":76}},"462":{"start":{"line":463,"column":0},"end":{"line":463,"column":12}},"463":{"start":{"line":464,"column":0},"end":{"line":464,"column":9}},"464":{"start":{"line":465,"column":0},"end":{"line":465,"column":52}},"465":{"start":{"line":466,"column":0},"end":{"line":466,"column":7}},"466":{"start":{"line":467,"column":0},"end":{"line":467,"column":30}},"467":{"start":{"line":468,"column":0},"end":{"line":468,"column":107}},"468":{"start":{"line":469,"column":0},"end":{"line":469,"column":26}},"469":{"start":{"line":470,"column":0},"end":{"line":470,"column":24}},"470":{"start":{"line":471,"column":0},"end":{"line":471,"column":21}},"471":{"start":{"line":472,"column":0},"end":{"line":472,"column":43}},"472":{"start":{"line":473,"column":0},"end":{"line":473,"column":41}},"473":{"start":{"line":474,"column":0},"end":{"line":474,"column":29}},"474":{"start":{"line":475,"column":0},"end":{"line":475,"column":29}},"475":{"start":{"line":476,"column":0},"end":{"line":476,"column":34}},"476":{"start":{"line":477,"column":0},"end":{"line":477,"column":11}},"477":{"start":{"line":478,"column":0},"end":{"line":478,"column":72}},"478":{"start":{"line":479,"column":0},"end":{"line":479,"column":8}},"479":{"start":{"line":480,"column":0},"end":{"line":480,"column":8}},"480":{"start":{"line":481,"column":0},"end":{"line":481,"column":0}},"481":{"start":{"line":482,"column":0},"end":{"line":482,"column":89}},"482":{"start":{"line":483,"column":0},"end":{"line":483,"column":64}},"483":{"start":{"line":484,"column":0},"end":{"line":484,"column":21}},"484":{"start":{"line":485,"column":0},"end":{"line":485,"column":72}},"485":{"start":{"line":486,"column":0},"end":{"line":486,"column":22}},"486":{"start":{"line":487,"column":0},"end":{"line":487,"column":57}},"487":{"start":{"line":488,"column":0},"end":{"line":488,"column":11}},"488":{"start":{"line":489,"column":0},"end":{"line":489,"column":7}},"489":{"start":{"line":490,"column":0},"end":{"line":490,"column":90}},"490":{"start":{"line":491,"column":0},"end":{"line":491,"column":43}},"491":{"start":{"line":492,"column":0},"end":{"line":492,"column":101}},"492":{"start":{"line":493,"column":0},"end":{"line":493,"column":22}},"493":{"start":{"line":494,"column":0},"end":{"line":494,"column":57}},"494":{"start":{"line":495,"column":0},"end":{"line":495,"column":11}},"495":{"start":{"line":496,"column":0},"end":{"line":496,"column":7}},"496":{"start":{"line":497,"column":0},"end":{"line":497,"column":74}},"497":{"start":{"line":498,"column":0},"end":{"line":498,"column":21}},"498":{"start":{"line":499,"column":0},"end":{"line":499,"column":77}},"499":{"start":{"line":500,"column":0},"end":{"line":500,"column":22}},"500":{"start":{"line":501,"column":0},"end":{"line":501,"column":57}},"501":{"start":{"line":502,"column":0},"end":{"line":502,"column":11}},"502":{"start":{"line":503,"column":0},"end":{"line":503,"column":7}},"503":{"start":{"line":504,"column":0},"end":{"line":504,"column":24}},"504":{"start":{"line":505,"column":0},"end":{"line":505,"column":49}},"505":{"start":{"line":506,"column":0},"end":{"line":506,"column":8}},"506":{"start":{"line":507,"column":0},"end":{"line":507,"column":4}},"507":{"start":{"line":508,"column":0},"end":{"line":508,"column":0}},"508":{"start":{"line":509,"column":0},"end":{"line":509,"column":23}},"509":{"start":{"line":510,"column":0},"end":{"line":510,"column":97}},"510":{"start":{"line":511,"column":0},"end":{"line":511,"column":3}},"511":{"start":{"line":512,"column":0},"end":{"line":512,"column":3}},"512":{"start":{"line":513,"column":0},"end":{"line":513,"column":0}},"513":{"start":{"line":514,"column":0},"end":{"line":514,"column":29}},"514":{"start":{"line":515,"column":0},"end":{"line":515,"column":17}},"515":{"start":{"line":516,"column":0},"end":{"line":516,"column":15}},"516":{"start":{"line":517,"column":0},"end":{"line":517,"column":10}},"517":{"start":{"line":518,"column":0},"end":{"line":518,"column":18}},"518":{"start":{"line":519,"column":0},"end":{"line":519,"column":37}},"519":{"start":{"line":520,"column":0},"end":{"line":520,"column":36}},"520":{"start":{"line":521,"column":0},"end":{"line":521,"column":41}},"521":{"start":{"line":522,"column":0},"end":{"line":522,"column":3}},"522":{"start":{"line":523,"column":0},"end":{"line":523,"column":22}},"523":{"start":{"line":524,"column":0},"end":{"line":524,"column":17}},"524":{"start":{"line":525,"column":0},"end":{"line":525,"column":63}},"525":{"start":{"line":526,"column":0},"end":{"line":526,"column":23}},"526":{"start":{"line":527,"column":0},"end":{"line":527,"column":13}},"527":{"start":{"line":528,"column":0},"end":{"line":528,"column":37}},"528":{"start":{"line":529,"column":0},"end":{"line":529,"column":41}},"529":{"start":{"line":530,"column":0},"end":{"line":530,"column":57}},"530":{"start":{"line":531,"column":0},"end":{"line":531,"column":16}},"531":{"start":{"line":532,"column":0},"end":{"line":532,"column":31}},"532":{"start":{"line":533,"column":0},"end":{"line":533,"column":63}},"533":{"start":{"line":534,"column":0},"end":{"line":534,"column":27}},"534":{"start":{"line":535,"column":0},"end":{"line":535,"column":19}},"535":{"start":{"line":536,"column":0},"end":{"line":536,"column":63}},"536":{"start":{"line":537,"column":0},"end":{"line":537,"column":40}},"537":{"start":{"line":538,"column":0},"end":{"line":538,"column":11}},"538":{"start":{"line":539,"column":0},"end":{"line":539,"column":53}},"539":{"start":{"line":540,"column":0},"end":{"line":540,"column":13}},"540":{"start":{"line":541,"column":0},"end":{"line":541,"column":42}},"541":{"start":{"line":542,"column":0},"end":{"line":542,"column":5}},"542":{"start":{"line":543,"column":0},"end":{"line":543,"column":4}},"543":{"start":{"line":544,"column":0},"end":{"line":544,"column":55}},"544":{"start":{"line":545,"column":0},"end":{"line":545,"column":1}}},"s":{"0":1,"1":1,"2":1,"3":1,"4":1,"5":1,"6":1,"7":1,"8":1,"9":1,"10":1,"11":1,"12":1,"13":1,"14":1,"15":1,"16":1,"17":1,"18":1,"19":1,"20":1,"21":1,"22":1,"23":1,"24":1,"25":1,"26":1,"27":1,"28":1,"29":1,"30":40,"31":37,"32":37,"33":37,"34":36,"35":40,"36":1,"37":1,"38":40,"39":1,"40":1,"41":40,"42":1,"43":1,"44":1,"45":1,"46":4,"47":4,"48":4,"49":4,"50":4,"51":1,"52":31,"53":31,"54":31,"55":31,"56":31,"57":31,"58":1,"59":36,"60":36,"61":36,"62":36,"63":36,"64":36,"65":36,"66":36,"67":36,"68":1,"69":32,"70":32,"71":32,"72":32,"73":32,"74":32,"75":32,"76":32,"77":32,"78":1,"79":31,"80":31,"81":31,"82":1,"83":1,"84":1,"85":1,"86":1,"87":1,"88":1,"89":1,"90":1,"91":1,"92":1,"93":1,"94":1,"95":1,"96":1,"97":1,"98":1,"99":1,"100":1,"101":9,"102":9,"103":9,"104":9,"105":1,"106":1,"107":1,"108":1,"109":1,"110":1,"111":1,"112":1,"113":1,"114":1,"115":1,"116":1,"117":1,"118":1,"119":1,"120":1,"121":1,"122":1,"123":1,"124":1,"125":1,"126":1,"127":9,"128":9,"129":9,"130":9,"131":2,"132":2,"133":2,"134":2,"135":2,"136":9,"137":1,"138":1,"139":1,"140":1,"141":1,"142":6,"143":9,"144":1,"145":1,"146":1,"147":1,"148":1,"149":5,"150":5,"151":9,"152":1,"153":1,"154":1,"155":1,"156":1,"157":4,"158":4,"159":4,"160":4,"161":4,"162":4,"163":4,"164":4,"165":4,"166":4,"167":4,"168":4,"169":4,"170":4,"171":4,"172":4,"173":4,"174":4,"175":4,"176":4,"177":1,"178":1,"179":1,"180":28,"181":28,"182":1,"183":1,"184":1,"185":1,"186":1,"187":27,"188":27,"189":27,"190":27,"191":27,"192":27,"193":27,"194":28,"195":1,"196":1,"197":1,"198":1,"199":1,"200":26,"201":26,"202":26,"203":26,"204":26,"205":26,"206":26,"207":26,"208":26,"209":26,"210":26,"211":26,"212":1,"213":1,"214":1,"215":4,"216":4,"217":1,"218":1,"219":1,"220":1,"221":1,"222":3,"223":3,"224":2,"225":2,"226":2,"227":2,"228":2,"229":2,"230":4,"231":1,"232":1,"233":1,"234":1,"235":1,"236":1,"237":1,"238":1,"239":1,"240":1,"241":1,"242":1,"243":1,"244":1,"245":1,"246":1,"247":1,"248":1,"249":1,"250":1,"251":1,"252":1,"253":1,"254":1,"255":1,"256":1,"257":3,"258":3,"259":1,"260":1,"261":1,"262":1,"263":1,"264":2,"265":2,"266":2,"267":2,"268":2,"269":2,"270":3,"271":1,"272":1,"273":1,"274":1,"275":1,"276":1,"277":1,"278":1,"279":1,"280":1,"281":1,"282":1,"283":11,"284":11,"285":2,"286":2,"287":2,"288":2,"289":2,"290":9,"291":9,"292":9,"293":9,"294":9,"295":9,"296":9,"297":9,"298":9,"299":9,"300":9,"301":9,"302":9,"303":9,"304":9,"305":9,"306":9,"307":9,"308":9,"309":9,"310":9,"311":11,"312":1,"313":1,"314":11,"315":1,"316":1,"317":9,"318":9,"319":36,"320":36,"321":8,"322":9,"323":9,"324":9,"325":9,"326":9,"327":28,"328":28,"329":28,"330":28,"331":28,"332":28,"333":9,"334":9,"335":9,"336":9,"337":9,"338":9,"339":1,"340":1,"341":1,"342":2,"343":2,"344":1,"345":1,"346":1,"347":1,"348":1,"349":1,"350":1,"351":1,"352":1,"353":1,"354":1,"355":1,"356":0,"357":0,"358":0,"359":0,"360":0,"361":0,"362":0,"363":0,"364":0,"365":0,"366":0,"367":0,"368":1,"369":1,"370":1,"371":8,"372":8,"373":0,"374":0,"375":0,"376":0,"377":0,"378":8,"379":8,"380":1,"381":1,"382":1,"383":1,"384":1,"385":7,"386":7,"387":7,"388":8,"389":2,"390":2,"391":2,"392":2,"393":2,"394":5,"395":5,"396":5,"397":5,"398":5,"399":5,"400":5,"401":5,"402":5,"403":5,"404":5,"405":5,"406":5,"407":5,"408":5,"409":5,"410":5,"411":5,"412":5,"413":5,"414":5,"415":5,"416":1,"417":1,"418":1,"419":9,"420":9,"421":0,"422":0,"423":0,"424":0,"425":0,"426":9,"427":9,"428":1,"429":1,"430":1,"431":1,"432":1,"433":8,"434":9,"435":2,"436":2,"437":2,"438":2,"439":2,"440":6,"441":6,"442":9,"443":9,"444":9,"445":5,"446":5,"447":1,"448":1,"449":1,"450":1,"451":1,"452":4,"453":4,"454":4,"455":4,"456":4,"457":4,"458":5,"459":1,"460":1,"461":1,"462":1,"463":1,"464":3,"465":3,"466":4,"467":4,"468":4,"469":4,"470":4,"471":4,"472":4,"473":4,"474":4,"475":4,"476":4,"477":4,"478":4,"479":1,"480":1,"481":1,"482":7,"483":7,"484":0,"485":0,"486":0,"487":0,"488":0,"489":7,"490":7,"491":2,"492":2,"493":2,"494":2,"495":2,"496":5,"497":7,"498":2,"499":2,"500":2,"501":2,"502":2,"503":3,"504":3,"505":1,"506":1,"507":1,"508":1,"509":1,"510":1,"511":1,"512":1,"513":81,"514":81,"515":81,"516":81,"517":81,"518":81,"519":81,"520":81,"521":81,"522":81,"523":81,"524":81,"525":18,"526":63,"527":81,"528":81,"529":81,"530":81,"531":81,"532":18,"533":63,"534":81,"535":81,"536":81,"537":81,"538":81,"539":81,"540":81,"541":81,"542":81,"543":81,"544":81},"branchMap":{"0":{"type":"branch","line":30,"loc":{"start":{"line":30,"column":20},"end":{"line":39,"column":2}},"locations":[{"start":{"line":30,"column":20},"end":{"line":39,"column":2}}]},"1":{"type":"branch","line":31,"loc":{"start":{"line":31,"column":7},"end":{"line":31,"column":30}},"locations":[{"start":{"line":31,"column":7},"end":{"line":31,"column":30}}]},"2":{"type":"branch","line":31,"loc":{"start":{"line":31,"column":42},"end":{"line":31,"column":54}},"locations":[{"start":{"line":31,"column":42},"end":{"line":31,"column":54}}]},"3":{"type":"branch","line":31,"loc":{"start":{"line":31,"column":49},"end":{"line":34,"column":40}},"locations":[{"start":{"line":31,"column":49},"end":{"line":34,"column":40}}]},"4":{"type":"branch","line":34,"loc":{"start":{"line":34,"column":38},"end":{"line":36,"column":10}},"locations":[{"start":{"line":34,"column":38},"end":{"line":36,"column":10}}]},"5":{"type":"branch","line":36,"loc":{"start":{"line":36,"column":2},"end":{"line":38,"column":3}},"locations":[{"start":{"line":36,"column":2},"end":{"line":38,"column":3}}]},"6":{"type":"branch","line":41,"loc":{"start":{"line":41,"column":22},"end":{"line":42,"column":89}},"locations":[{"start":{"line":41,"column":22},"end":{"line":42,"column":89}}]},"7":{"type":"branch","line":42,"loc":{"start":{"line":42,"column":26},"end":{"line":42,"column":84}},"locations":[{"start":{"line":42,"column":26},"end":{"line":42,"column":84}}]},"8":{"type":"branch","line":42,"loc":{"start":{"line":42,"column":67},"end":{"line":42,"column":89}},"locations":[{"start":{"line":42,"column":67},"end":{"line":42,"column":89}}]},"9":{"type":"branch","line":47,"loc":{"start":{"line":47,"column":0},"end":{"line":51,"column":1}},"locations":[{"start":{"line":47,"column":0},"end":{"line":51,"column":1}}]},"10":{"type":"branch","line":48,"loc":{"start":{"line":48,"column":41},"end":{"line":48,"column":85}},"locations":[{"start":{"line":48,"column":41},"end":{"line":48,"column":85}}]},"11":{"type":"branch","line":48,"loc":{"start":{"line":48,"column":75},"end":{"line":48,"column":88}},"locations":[{"start":{"line":48,"column":75},"end":{"line":48,"column":88}}]},"12":{"type":"branch","line":50,"loc":{"start":{"line":50,"column":9},"end":{"line":50,"column":35}},"locations":[{"start":{"line":50,"column":9},"end":{"line":50,"column":35}}]},"13":{"type":"branch","line":50,"loc":{"start":{"line":50,"column":31},"end":{"line":50,"column":40}},"locations":[{"start":{"line":50,"column":31},"end":{"line":50,"column":40}}]},"14":{"type":"branch","line":53,"loc":{"start":{"line":53,"column":0},"end":{"line":58,"column":1}},"locations":[{"start":{"line":53,"column":0},"end":{"line":58,"column":1}}]},"15":{"type":"branch","line":60,"loc":{"start":{"line":60,"column":0},"end":{"line":68,"column":1}},"locations":[{"start":{"line":60,"column":0},"end":{"line":68,"column":1}}]},"16":{"type":"branch","line":66,"loc":{"start":{"line":66,"column":19},"end":{"line":66,"column":35}},"locations":[{"start":{"line":66,"column":19},"end":{"line":66,"column":35}}]},"17":{"type":"branch","line":66,"loc":{"start":{"line":66,"column":26},"end":{"line":67,"column":30}},"locations":[{"start":{"line":66,"column":26},"end":{"line":67,"column":30}}]},"18":{"type":"branch","line":67,"loc":{"start":{"line":67,"column":26},"end":{"line":67,"column":51}},"locations":[{"start":{"line":67,"column":26},"end":{"line":67,"column":51}}]},"19":{"type":"branch","line":67,"loc":{"start":{"line":67,"column":40},"end":{"line":67,"column":55}},"locations":[{"start":{"line":67,"column":40},"end":{"line":67,"column":55}}]},"20":{"type":"branch","line":70,"loc":{"start":{"line":70,"column":0},"end":{"line":78,"column":1}},"locations":[{"start":{"line":70,"column":0},"end":{"line":78,"column":1}}]},"21":{"type":"branch","line":80,"loc":{"start":{"line":80,"column":0},"end":{"line":82,"column":1}},"locations":[{"start":{"line":80,"column":0},"end":{"line":82,"column":1}}]},"22":{"type":"branch","line":102,"loc":{"start":{"line":102,"column":0},"end":{"line":105,"column":1}},"locations":[{"start":{"line":102,"column":0},"end":{"line":105,"column":1}}]},"23":{"type":"branch","line":124,"loc":{"start":{"line":124,"column":2},"end":{"line":507,"column":4}},"locations":[{"start":{"line":124,"column":2},"end":{"line":507,"column":4}}]},"24":{"type":"branch","line":127,"loc":{"start":{"line":127,"column":55},"end":{"line":178,"column":5}},"locations":[{"start":{"line":127,"column":55},"end":{"line":178,"column":5}}]},"25":{"type":"branch","line":131,"loc":{"start":{"line":131,"column":11},"end":{"line":131,"column":31}},"locations":[{"start":{"line":131,"column":11},"end":{"line":131,"column":31}}]},"26":{"type":"branch","line":131,"loc":{"start":{"line":131,"column":31},"end":{"line":136,"column":7}},"locations":[{"start":{"line":131,"column":31},"end":{"line":136,"column":7}}]},"27":{"type":"branch","line":136,"loc":{"start":{"line":136,"column":6},"end":{"line":137,"column":31}},"locations":[{"start":{"line":136,"column":6},"end":{"line":137,"column":31}}]},"28":{"type":"branch","line":137,"loc":{"start":{"line":137,"column":31},"end":{"line":142,"column":7}},"locations":[{"start":{"line":137,"column":31},"end":{"line":142,"column":7}}]},"29":{"type":"branch","line":142,"loc":{"start":{"line":142,"column":6},"end":{"line":144,"column":35}},"locations":[{"start":{"line":142,"column":6},"end":{"line":144,"column":35}}]},"30":{"type":"branch","line":144,"loc":{"start":{"line":144,"column":35},"end":{"line":149,"column":7}},"locations":[{"start":{"line":144,"column":35},"end":{"line":149,"column":7}}]},"31":{"type":"branch","line":149,"loc":{"start":{"line":149,"column":6},"end":{"line":152,"column":20}},"locations":[{"start":{"line":149,"column":6},"end":{"line":152,"column":20}}]},"32":{"type":"branch","line":152,"loc":{"start":{"line":152,"column":20},"end":{"line":157,"column":7}},"locations":[{"start":{"line":152,"column":20},"end":{"line":157,"column":7}}]},"33":{"type":"branch","line":157,"loc":{"start":{"line":157,"column":6},"end":{"line":177,"column":8}},"locations":[{"start":{"line":157,"column":6},"end":{"line":177,"column":8}}]},"34":{"type":"branch","line":180,"loc":{"start":{"line":180,"column":53},"end":{"line":213,"column":5}},"locations":[{"start":{"line":180,"column":53},"end":{"line":213,"column":5}}]},"35":{"type":"branch","line":182,"loc":{"start":{"line":182,"column":31},"end":{"line":187,"column":7}},"locations":[{"start":{"line":182,"column":31},"end":{"line":187,"column":7}}]},"36":{"type":"branch","line":187,"loc":{"start":{"line":187,"column":6},"end":{"line":195,"column":71}},"locations":[{"start":{"line":187,"column":6},"end":{"line":195,"column":71}}]},"37":{"type":"branch","line":195,"loc":{"start":{"line":195,"column":71},"end":{"line":200,"column":7}},"locations":[{"start":{"line":195,"column":71},"end":{"line":200,"column":7}}]},"38":{"type":"branch","line":200,"loc":{"start":{"line":200,"column":6},"end":{"line":212,"column":8}},"locations":[{"start":{"line":200,"column":6},"end":{"line":212,"column":8}}]},"39":{"type":"branch","line":215,"loc":{"start":{"line":215,"column":57},"end":{"line":255,"column":5}},"locations":[{"start":{"line":215,"column":57},"end":{"line":255,"column":5}}]},"40":{"type":"branch","line":217,"loc":{"start":{"line":217,"column":25},"end":{"line":222,"column":7}},"locations":[{"start":{"line":217,"column":25},"end":{"line":222,"column":7}}]},"41":{"type":"branch","line":222,"loc":{"start":{"line":222,"column":6},"end":{"line":224,"column":84}},"locations":[{"start":{"line":222,"column":6},"end":{"line":224,"column":84}}]},"42":{"type":"branch","line":224,"loc":{"start":{"line":224,"column":49},"end":{"line":231,"column":19}},"locations":[{"start":{"line":224,"column":49},"end":{"line":231,"column":19}}]},"43":{"type":"branch","line":231,"loc":{"start":{"line":231,"column":19},"end":{"line":254,"column":7}},"locations":[{"start":{"line":231,"column":19},"end":{"line":254,"column":7}}]},"44":{"type":"branch","line":257,"loc":{"start":{"line":257,"column":45},"end":{"line":281,"column":5}},"locations":[{"start":{"line":257,"column":45},"end":{"line":281,"column":5}}]},"45":{"type":"branch","line":259,"loc":{"start":{"line":259,"column":20},"end":{"line":264,"column":7}},"locations":[{"start":{"line":259,"column":20},"end":{"line":264,"column":7}}]},"46":{"type":"branch","line":264,"loc":{"start":{"line":264,"column":6},"end":{"line":271,"column":17}},"locations":[{"start":{"line":264,"column":6},"end":{"line":271,"column":17}}]},"47":{"type":"branch","line":271,"loc":{"start":{"line":271,"column":17},"end":{"line":280,"column":8}},"locations":[{"start":{"line":271,"column":17},"end":{"line":280,"column":8}}]},"48":{"type":"branch","line":283,"loc":{"start":{"line":283,"column":47},"end":{"line":340,"column":5}},"locations":[{"start":{"line":283,"column":47},"end":{"line":340,"column":5}}]},"49":{"type":"branch","line":285,"loc":{"start":{"line":285,"column":20},"end":{"line":290,"column":7}},"locations":[{"start":{"line":285,"column":20},"end":{"line":290,"column":7}}]},"50":{"type":"branch","line":290,"loc":{"start":{"line":290,"column":6},"end":{"line":312,"column":18}},"locations":[{"start":{"line":290,"column":6},"end":{"line":312,"column":18}}]},"51":{"type":"branch","line":312,"loc":{"start":{"line":312,"column":18},"end":{"line":314,"column":7}},"locations":[{"start":{"line":312,"column":18},"end":{"line":314,"column":7}}]},"52":{"type":"branch","line":314,"loc":{"start":{"line":314,"column":6},"end":{"line":315,"column":24}},"locations":[{"start":{"line":314,"column":6},"end":{"line":315,"column":24}}]},"53":{"type":"branch","line":315,"loc":{"start":{"line":315,"column":24},"end":{"line":317,"column":7}},"locations":[{"start":{"line":315,"column":24},"end":{"line":317,"column":7}}]},"54":{"type":"branch","line":317,"loc":{"start":{"line":317,"column":6},"end":{"line":339,"column":8}},"locations":[{"start":{"line":317,"column":6},"end":{"line":339,"column":8}}]},"55":{"type":"branch","line":313,"loc":{"start":{"line":313,"column":35},"end":{"line":313,"column":91}},"locations":[{"start":{"line":313,"column":35},"end":{"line":313,"column":91}}]},"56":{"type":"branch","line":316,"loc":{"start":{"line":316,"column":35},"end":{"line":316,"column":71}},"locations":[{"start":{"line":316,"column":35},"end":{"line":316,"column":71}}]},"57":{"type":"branch","line":319,"loc":{"start":{"line":319,"column":36},"end":{"line":323,"column":7}},"locations":[{"start":{"line":319,"column":36},"end":{"line":323,"column":7}}]},"58":{"type":"branch","line":321,"loc":{"start":{"line":321,"column":30},"end":{"line":321,"column":48}},"locations":[{"start":{"line":321,"column":30},"end":{"line":321,"column":48}}]},"59":{"type":"branch","line":321,"loc":{"start":{"line":321,"column":37},"end":{"line":322,"column":41}},"locations":[{"start":{"line":321,"column":37},"end":{"line":322,"column":41}}]},"60":{"type":"branch","line":327,"loc":{"start":{"line":327,"column":61},"end":{"line":334,"column":8}},"locations":[{"start":{"line":327,"column":61},"end":{"line":334,"column":8}}]},"61":{"type":"branch","line":342,"loc":{"start":{"line":342,"column":55},"end":{"line":369,"column":5}},"locations":[{"start":{"line":342,"column":55},"end":{"line":369,"column":5}}]},"62":{"type":"branch","line":344,"loc":{"start":{"line":344,"column":20},"end":{"line":356,"column":7}},"locations":[{"start":{"line":344,"column":20},"end":{"line":356,"column":7}}]},"63":{"type":"branch","line":356,"loc":{"start":{"line":356,"column":6},"end":{"line":368,"column":8}},"locations":[{"start":{"line":356,"column":6},"end":{"line":368,"column":8}}]},"64":{"type":"branch","line":371,"loc":{"start":{"line":371,"column":49},"end":{"line":417,"column":5}},"locations":[{"start":{"line":371,"column":49},"end":{"line":417,"column":5}}]},"65":{"type":"branch","line":373,"loc":{"start":{"line":373,"column":20},"end":{"line":378,"column":7}},"locations":[{"start":{"line":373,"column":20},"end":{"line":378,"column":7}}]},"66":{"type":"branch","line":380,"loc":{"start":{"line":380,"column":34},"end":{"line":380,"column":74}},"locations":[{"start":{"line":380,"column":34},"end":{"line":380,"column":74}}]},"67":{"type":"branch","line":380,"loc":{"start":{"line":380,"column":74},"end":{"line":385,"column":7}},"locations":[{"start":{"line":380,"column":74},"end":{"line":385,"column":7}}]},"68":{"type":"branch","line":385,"loc":{"start":{"line":385,"column":6},"end":{"line":389,"column":27}},"locations":[{"start":{"line":385,"column":6},"end":{"line":389,"column":27}}]},"69":{"type":"branch","line":389,"loc":{"start":{"line":389,"column":11},"end":{"line":389,"column":43}},"locations":[{"start":{"line":389,"column":11},"end":{"line":389,"column":43}}]},"70":{"type":"branch","line":389,"loc":{"start":{"line":389,"column":43},"end":{"line":394,"column":7}},"locations":[{"start":{"line":389,"column":43},"end":{"line":394,"column":7}}]},"71":{"type":"branch","line":394,"loc":{"start":{"line":394,"column":6},"end":{"line":416,"column":8}},"locations":[{"start":{"line":394,"column":6},"end":{"line":416,"column":8}}]},"72":{"type":"branch","line":419,"loc":{"start":{"line":419,"column":59},"end":{"line":480,"column":5}},"locations":[{"start":{"line":419,"column":59},"end":{"line":480,"column":5}}]},"73":{"type":"branch","line":421,"loc":{"start":{"line":421,"column":20},"end":{"line":426,"column":7}},"locations":[{"start":{"line":421,"column":20},"end":{"line":426,"column":7}}]},"74":{"type":"branch","line":428,"loc":{"start":{"line":428,"column":34},"end":{"line":428,"column":74}},"locations":[{"start":{"line":428,"column":34},"end":{"line":428,"column":74}}]},"75":{"type":"branch","line":428,"loc":{"start":{"line":428,"column":74},"end":{"line":433,"column":7}},"locations":[{"start":{"line":428,"column":74},"end":{"line":433,"column":7}}]},"76":{"type":"branch","line":433,"loc":{"start":{"line":433,"column":6},"end":{"line":435,"column":20}},"locations":[{"start":{"line":433,"column":6},"end":{"line":435,"column":20}}]},"77":{"type":"branch","line":435,"loc":{"start":{"line":435,"column":20},"end":{"line":440,"column":7}},"locations":[{"start":{"line":435,"column":20},"end":{"line":440,"column":7}}]},"78":{"type":"branch","line":440,"loc":{"start":{"line":440,"column":6},"end":{"line":443,"column":45}},"locations":[{"start":{"line":440,"column":6},"end":{"line":443,"column":45}}]},"79":{"type":"branch","line":443,"loc":{"start":{"line":443,"column":37},"end":{"line":443,"column":93}},"locations":[{"start":{"line":443,"column":37},"end":{"line":443,"column":93}}]},"80":{"type":"branch","line":443,"loc":{"start":{"line":443,"column":91},"end":{"line":444,"column":39}},"locations":[{"start":{"line":443,"column":91},"end":{"line":444,"column":39}}]},"81":{"type":"branch","line":444,"loc":{"start":{"line":444,"column":31},"end":{"line":444,"column":68}},"locations":[{"start":{"line":444,"column":31},"end":{"line":444,"column":68}}]},"82":{"type":"branch","line":444,"loc":{"start":{"line":444,"column":66},"end":{"line":445,"column":31}},"locations":[{"start":{"line":444,"column":66},"end":{"line":445,"column":31}}]},"83":{"type":"branch","line":445,"loc":{"start":{"line":445,"column":31},"end":{"line":466,"column":7}},"locations":[{"start":{"line":445,"column":31},"end":{"line":466,"column":7}}]},"84":{"type":"branch","line":447,"loc":{"start":{"line":447,"column":66},"end":{"line":452,"column":9}},"locations":[{"start":{"line":447,"column":66},"end":{"line":452,"column":9}}]},"85":{"type":"branch","line":452,"loc":{"start":{"line":452,"column":8},"end":{"line":459,"column":49}},"locations":[{"start":{"line":452,"column":8},"end":{"line":459,"column":49}}]},"86":{"type":"branch","line":459,"loc":{"start":{"line":459,"column":78},"end":{"line":464,"column":9}},"locations":[{"start":{"line":459,"column":78},"end":{"line":464,"column":9}}]},"87":{"type":"branch","line":464,"loc":{"start":{"line":464,"column":8},"end":{"line":466,"column":7}},"locations":[{"start":{"line":464,"column":8},"end":{"line":466,"column":7}}]},"88":{"type":"branch","line":466,"loc":{"start":{"line":466,"column":6},"end":{"line":479,"column":8}},"locations":[{"start":{"line":466,"column":6},"end":{"line":479,"column":8}}]},"89":{"type":"branch","line":482,"loc":{"start":{"line":482,"column":61},"end":{"line":506,"column":5}},"locations":[{"start":{"line":482,"column":61},"end":{"line":506,"column":5}}]},"90":{"type":"branch","line":484,"loc":{"start":{"line":484,"column":20},"end":{"line":489,"column":7}},"locations":[{"start":{"line":484,"column":20},"end":{"line":489,"column":7}}]},"91":{"type":"branch","line":491,"loc":{"start":{"line":491,"column":42},"end":{"line":496,"column":7}},"locations":[{"start":{"line":491,"column":42},"end":{"line":496,"column":7}}]},"92":{"type":"branch","line":496,"loc":{"start":{"line":496,"column":6},"end":{"line":498,"column":20}},"locations":[{"start":{"line":496,"column":6},"end":{"line":498,"column":20}}]},"93":{"type":"branch","line":498,"loc":{"start":{"line":498,"column":20},"end":{"line":503,"column":7}},"locations":[{"start":{"line":498,"column":20},"end":{"line":503,"column":7}}]},"94":{"type":"branch","line":503,"loc":{"start":{"line":503,"column":6},"end":{"line":505,"column":49}},"locations":[{"start":{"line":503,"column":6},"end":{"line":505,"column":49}}]},"95":{"type":"branch","line":509,"loc":{"start":{"line":509,"column":2},"end":{"line":511,"column":3}},"locations":[{"start":{"line":509,"column":2},"end":{"line":511,"column":3}}]},"96":{"type":"branch","line":514,"loc":{"start":{"line":514,"column":0},"end":{"line":545,"column":1}},"locations":[{"start":{"line":514,"column":0},"end":{"line":545,"column":1}}]},"97":{"type":"branch","line":525,"loc":{"start":{"line":525,"column":38},"end":{"line":525,"column":63}},"locations":[{"start":{"line":525,"column":38},"end":{"line":525,"column":63}}]},"98":{"type":"branch","line":525,"loc":{"start":{"line":525,"column":52},"end":{"line":526,"column":23}},"locations":[{"start":{"line":525,"column":52},"end":{"line":526,"column":23}}]},"99":{"type":"branch","line":526,"loc":{"start":{"line":526,"column":8},"end":{"line":527,"column":13}},"locations":[{"start":{"line":526,"column":8},"end":{"line":527,"column":13}}]},"100":{"type":"branch","line":530,"loc":{"start":{"line":530,"column":16},"end":{"line":530,"column":57}},"locations":[{"start":{"line":530,"column":16},"end":{"line":530,"column":57}}]},"101":{"type":"branch","line":532,"loc":{"start":{"line":532,"column":16},"end":{"line":533,"column":63}},"locations":[{"start":{"line":532,"column":16},"end":{"line":533,"column":63}}]},"102":{"type":"branch","line":533,"loc":{"start":{"line":533,"column":14},"end":{"line":533,"column":28}},"locations":[{"start":{"line":533,"column":14},"end":{"line":533,"column":28}}]},"103":{"type":"branch","line":533,"loc":{"start":{"line":533,"column":20},"end":{"line":533,"column":34}},"locations":[{"start":{"line":533,"column":20},"end":{"line":533,"column":34}}]},"104":{"type":"branch","line":533,"loc":{"start":{"line":533,"column":54},"end":{"line":533,"column":62}},"locations":[{"start":{"line":533,"column":54},"end":{"line":533,"column":62}}]},"105":{"type":"branch","line":533,"loc":{"start":{"line":533,"column":62},"end":{"line":534,"column":27}},"locations":[{"start":{"line":533,"column":62},"end":{"line":534,"column":27}}]},"106":{"type":"branch","line":534,"loc":{"start":{"line":534,"column":8},"end":{"line":534,"column":24}},"locations":[{"start":{"line":534,"column":8},"end":{"line":534,"column":24}}]},"107":{"type":"branch","line":536,"loc":{"start":{"line":536,"column":17},"end":{"line":536,"column":30}},"locations":[{"start":{"line":536,"column":17},"end":{"line":536,"column":30}}]},"108":{"type":"branch","line":536,"loc":{"start":{"line":536,"column":23},"end":{"line":536,"column":58}},"locations":[{"start":{"line":536,"column":23},"end":{"line":536,"column":58}}]},"109":{"type":"branch","line":536,"loc":{"start":{"line":536,"column":54},"end":{"line":536,"column":63}},"locations":[{"start":{"line":536,"column":54},"end":{"line":536,"column":63}}]},"110":{"type":"branch","line":537,"loc":{"start":{"line":537,"column":20},"end":{"line":537,"column":37}},"locations":[{"start":{"line":537,"column":20},"end":{"line":537,"column":37}}]},"111":{"type":"branch","line":537,"loc":{"start":{"line":537,"column":26},"end":{"line":537,"column":40}},"locations":[{"start":{"line":537,"column":26},"end":{"line":537,"column":40}}]},"112":{"type":"branch","line":539,"loc":{"start":{"line":539,"column":18},"end":{"line":539,"column":39}},"locations":[{"start":{"line":539,"column":18},"end":{"line":539,"column":39}}]},"113":{"type":"branch","line":539,"loc":{"start":{"line":539,"column":24},"end":{"line":539,"column":53}},"locations":[{"start":{"line":539,"column":24},"end":{"line":539,"column":53}}]}},"b":{"0":[40],"1":[37],"2":[3],"3":[37],"4":[36],"5":[1],"6":[40],"7":[3],"8":[3],"9":[4],"10":[1],"11":[1],"12":[3],"13":[1],"14":[31],"15":[36],"16":[32],"17":[4],"18":[0],"19":[4],"20":[32],"21":[31],"22":[9],"23":[1],"24":[9],"25":[8],"26":[2],"27":[7],"28":[1],"29":[6],"30":[1],"31":[5],"32":[1],"33":[4],"34":[28],"35":[1],"36":[27],"37":[1],"38":[26],"39":[4],"40":[1],"41":[3],"42":[2],"43":[1],"44":[3],"45":[1],"46":[2],"47":[1],"48":[11],"49":[2],"50":[9],"51":[1],"52":[9],"53":[1],"54":[9],"55":[4],"56":[4],"57":[36],"58":[28],"59":[8],"60":[28],"61":[2],"62":[1],"63":[0],"64":[8],"65":[0],"66":[2],"67":[1],"68":[7],"69":[6],"70":[2],"71":[5],"72":[9],"73":[0],"74":[2],"75":[1],"76":[8],"77":[2],"78":[6],"79":[1],"80":[6],"81":[1],"82":[6],"83":[5],"84":[1],"85":[4],"86":[1],"87":[3],"88":[4],"89":[7],"90":[0],"91":[2],"92":[5],"93":[2],"94":[3],"95":[1],"96":[81],"97":[18],"98":[18],"99":[63],"100":[0],"101":[18],"102":[17],"103":[0],"104":[0],"105":[63],"106":[60],"107":[77],"108":[54],"109":[27],"110":[77],"111":[41],"112":[77],"113":[78]},"fnMap":{"0":{"name":"getAuthUser","decl":{"start":{"line":30,"column":20},"end":{"line":39,"column":2}},"loc":{"start":{"line":30,"column":20},"end":{"line":39,"column":2}},"line":30},"1":{"name":"getAuthHeader","decl":{"start":{"line":41,"column":22},"end":{"line":42,"column":89}},"loc":{"start":{"line":41,"column":22},"end":{"line":42,"column":89}},"line":41},"2":{"name":"getRefreshTokenFromCookie","decl":{"start":{"line":47,"column":0},"end":{"line":51,"column":1}},"loc":{"start":{"line":47,"column":0},"end":{"line":51,"column":1}},"line":47},"3":{"name":"authResponseHeaders","decl":{"start":{"line":53,"column":0},"end":{"line":58,"column":1}},"loc":{"start":{"line":53,"column":0},"end":{"line":58,"column":1}},"line":53},"4":{"name":"getQueryParam","decl":{"start":{"line":60,"column":0},"end":{"line":68,"column":1}},"loc":{"start":{"line":60,"column":0},"end":{"line":68,"column":1}},"line":60},"5":{"name":"toAuthUser","decl":{"start":{"line":70,"column":0},"end":{"line":78,"column":1}},"loc":{"start":{"line":70,"column":0},"end":{"line":78,"column":1}},"line":70},"6":{"name":"toJwtPayload","decl":{"start":{"line":80,"column":0},"end":{"line":82,"column":1}},"loc":{"start":{"line":80,"column":0},"end":{"line":82,"column":1}},"line":80},"7":{"name":"reg","decl":{"start":{"line":102,"column":0},"end":{"line":105,"column":1}},"loc":{"start":{"line":102,"column":0},"end":{"line":105,"column":1}},"line":102},"8":{"name":"routes","decl":{"start":{"line":124,"column":2},"end":{"line":507,"column":4}},"loc":{"start":{"line":124,"column":2},"end":{"line":507,"column":4}},"line":124},"9":{"name":"seeds","decl":{"start":{"line":509,"column":2},"end":{"line":511,"column":3}},"loc":{"start":{"line":509,"column":2},"end":{"line":511,"column":3}},"line":509},"10":{"name":"invoke","decl":{"start":{"line":514,"column":0},"end":{"line":545,"column":1}},"loc":{"start":{"line":514,"column":0},"end":{"line":545,"column":1}},"line":514}},"f":{"0":40,"1":40,"2":4,"3":31,"4":36,"5":32,"6":31,"7":9,"8":1,"9":1,"10":81}}
,"C:\\Users\\SpiderWebbs\\Desktop\\Peakeaze\\frontend-task-starter\\src\\libraries\\server\\jwt.ts": {"path":"C:\\Users\\SpiderWebbs\\Desktop\\Peakeaze\\frontend-task-starter\\src\\libraries\\server\\jwt.ts","all":false,"statementMap":{"0":{"start":{"line":1,"column":0},"end":{"line":1,"column":29}},"1":{"start":{"line":2,"column":0},"end":{"line":2,"column":0}},"2":{"start":{"line":3,"column":0},"end":{"line":3,"column":96}},"3":{"start":{"line":4,"column":0},"end":{"line":4,"column":0}},"4":{"start":{"line":5,"column":0},"end":{"line":5,"column":55}},"5":{"start":{"line":6,"column":0},"end":{"line":6,"column":0}},"6":{"start":{"line":7,"column":0},"end":{"line":7,"column":25}},"7":{"start":{"line":8,"column":0},"end":{"line":8,"column":25}},"8":{"start":{"line":9,"column":0},"end":{"line":9,"column":0}},"9":{"start":{"line":10,"column":0},"end":{"line":10,"column":63}},"10":{"start":{"line":11,"column":0},"end":{"line":11,"column":40}},"11":{"start":{"line":12,"column":0},"end":{"line":12,"column":43}},"12":{"start":{"line":13,"column":0},"end":{"line":13,"column":36}},"13":{"start":{"line":14,"column":0},"end":{"line":14,"column":26}},"14":{"start":{"line":15,"column":0},"end":{"line":15,"column":2}},"15":{"start":{"line":16,"column":0},"end":{"line":16,"column":0}},"16":{"start":{"line":17,"column":0},"end":{"line":17,"column":64}},"17":{"start":{"line":18,"column":0},"end":{"line":18,"column":40}},"18":{"start":{"line":19,"column":0},"end":{"line":19,"column":43}},"19":{"start":{"line":20,"column":0},"end":{"line":20,"column":37}},"20":{"start":{"line":21,"column":0},"end":{"line":21,"column":26}},"21":{"start":{"line":22,"column":0},"end":{"line":22,"column":2}},"22":{"start":{"line":23,"column":0},"end":{"line":23,"column":0}},"23":{"start":{"line":24,"column":0},"end":{"line":24,"column":48}},"24":{"start":{"line":25,"column":0},"end":{"line":25,"column":58}},"25":{"start":{"line":26,"column":0},"end":{"line":26,"column":17}},"26":{"start":{"line":27,"column":0},"end":{"line":27,"column":2}}},"s":{"0":1,"1":1,"2":1,"3":1,"4":1,"5":1,"6":1,"7":1,"8":1,"9":1,"10":31,"11":31,"12":31,"13":31,"14":31,"15":1,"16":1,"17":31,"18":31,"19":31,"20":31,"21":31,"22":1,"23":1,"24":40,"25":38,"26":38},"branchMap":{"0":{"type":"branch","line":10,"loc":{"start":{"line":10,"column":31},"end":{"line":15,"column":2}},"locations":[{"start":{"line":10,"column":31},"end":{"line":15,"column":2}}]},"1":{"type":"branch","line":17,"loc":{"start":{"line":17,"column":32},"end":{"line":22,"column":2}},"locations":[{"start":{"line":17,"column":32},"end":{"line":22,"column":2}}]},"2":{"type":"branch","line":24,"loc":{"start":{"line":24,"column":22},"end":{"line":27,"column":2}},"locations":[{"start":{"line":24,"column":22},"end":{"line":27,"column":2}}]},"3":{"type":"branch","line":25,"loc":{"start":{"line":25,"column":56},"end":{"line":27,"column":2}},"locations":[{"start":{"line":25,"column":56},"end":{"line":27,"column":2}}]}},"b":{"0":[31],"1":[31],"2":[40],"3":[38]},"fnMap":{"0":{"name":"signAccessToken","decl":{"start":{"line":10,"column":31},"end":{"line":15,"column":2}},"loc":{"start":{"line":10,"column":31},"end":{"line":15,"column":2}},"line":10},"1":{"name":"signRefreshToken","decl":{"start":{"line":17,"column":32},"end":{"line":22,"column":2}},"loc":{"start":{"line":17,"column":32},"end":{"line":22,"column":2}},"line":17},"2":{"name":"verify","decl":{"start":{"line":24,"column":22},"end":{"line":27,"column":2}},"loc":{"start":{"line":24,"column":22},"end":{"line":27,"column":2}},"line":24}},"f":{"0":31,"1":31,"2":40}}
,"C:\\Users\\SpiderWebbs\\Desktop\\Peakeaze\\frontend-task-starter\\src\\types\\index.ts": {"path":"C:\\Users\\SpiderWebbs\\Desktop\\Peakeaze\\frontend-task-starter\\src\\types\\index.ts","all":false,"statementMap":{"0":{"start":{"line":1,"column":0},"end":{"line":1,"column":57}},"1":{"start":{"line":2,"column":0},"end":{"line":2,"column":0}},"2":{"start":{"line":3,"column":0},"end":{"line":3,"column":24}},"3":{"start":{"line":4,"column":0},"end":{"line":4,"column":18}},"4":{"start":{"line":5,"column":0},"end":{"line":5,"column":21}},"5":{"start":{"line":6,"column":0},"end":{"line":6,"column":19}},"6":{"start":{"line":7,"column":0},"end":{"line":7,"column":21}},"7":{"start":{"line":8,"column":0},"end":{"line":8,"column":22}},"8":{"start":{"line":9,"column":0},"end":{"line":9,"column":0}},"9":{"start":{"line":10,"column":0},"end":{"line":10,"column":54}},"10":{"start":{"line":11,"column":0},"end":{"line":11,"column":0}},"11":{"start":{"line":12,"column":0},"end":{"line":12,"column":65}},"12":{"start":{"line":13,"column":0},"end":{"line":13,"column":100}},"13":{"start":{"line":14,"column":0},"end":{"line":14,"column":70}},"14":{"start":{"line":15,"column":0},"end":{"line":15,"column":27}},"15":{"start":{"line":16,"column":0},"end":{"line":16,"column":2}},"16":{"start":{"line":17,"column":0},"end":{"line":17,"column":0}},"17":{"start":{"line":18,"column":0},"end":{"line":18,"column":23}},"18":{"start":{"line":19,"column":0},"end":{"line":19,"column":13}},"19":{"start":{"line":20,"column":0},"end":{"line":20,"column":16}},"20":{"start":{"line":21,"column":0},"end":{"line":21,"column":17}},"21":{"start":{"line":22,"column":0},"end":{"line":22,"column":28}},"22":{"start":{"line":23,"column":0},"end":{"line":23,"column":20}},"23":{"start":{"line":24,"column":0},"end":{"line":24,"column":1}},"24":{"start":{"line":25,"column":0},"end":{"line":25,"column":0}},"25":{"start":{"line":26,"column":0},"end":{"line":26,"column":26}},"26":{"start":{"line":27,"column":0},"end":{"line":27,"column":13}},"27":{"start":{"line":28,"column":0},"end":{"line":28,"column":24}},"28":{"start":{"line":29,"column":0},"end":{"line":29,"column":23}},"29":{"start":{"line":30,"column":0},"end":{"line":30,"column":17}},"30":{"start":{"line":31,"column":0},"end":{"line":31,"column":24}},"31":{"start":{"line":32,"column":0},"end":{"line":32,"column":20}},"32":{"start":{"line":33,"column":0},"end":{"line":33,"column":1}},"33":{"start":{"line":34,"column":0},"end":{"line":34,"column":0}},"34":{"start":{"line":35,"column":0},"end":{"line":35,"column":31}},"35":{"start":{"line":36,"column":0},"end":{"line":36,"column":16}},"36":{"start":{"line":37,"column":0},"end":{"line":37,"column":13}},"37":{"start":{"line":38,"column":0},"end":{"line":38,"column":1}},"38":{"start":{"line":39,"column":0},"end":{"line":39,"column":0}},"39":{"start":{"line":40,"column":0},"end":{"line":40,"column":36}},"40":{"start":{"line":41,"column":0},"end":{"line":41,"column":19}},"41":{"start":{"line":42,"column":0},"end":{"line":42,"column":21}},"42":{"start":{"line":43,"column":0},"end":{"line":43,"column":15}},"43":{"start":{"line":44,"column":0},"end":{"line":44,"column":16}},"44":{"start":{"line":45,"column":0},"end":{"line":45,"column":1}}},"s":{"0":2,"1":2,"2":2,"3":2,"4":2,"5":2,"6":2,"7":2,"8":2,"9":2,"10":2,"11":2,"12":2,"13":2,"14":2,"15":2,"16":2,"17":2,"18":2,"19":2,"20":2,"21":2,"22":2,"23":2,"24":2,"25":2,"26":2,"27":2,"28":2,"29":2,"30":2,"31":2,"32":2,"33":2,"34":2,"35":2,"36":2,"37":2,"38":2,"39":2,"40":2,"41":2,"42":2,"43":2,"44":2},"branchMap":{},"b":{},"fnMap":{},"f":{}}
}
